<?xml version="1.0" encoding="UTF-8"?>
<testsuite name="com.devsu.api.demoblaze.runners.AllTestRunner" tests="0" skipped="0" failures="0" errors="0" timestamp="1970-01-01T00:00:00" hostname="MBPdeSopmicro01-4" time="0.0">
  <properties/>
  <system-out><![CDATA[
4 Scenarios (?[32m4 passed?[0m)
18 Steps (?[32m18 passed?[0m)
0m12.880s


]]></system-out>
  <system-err><![CDATA[[Test worker] INFO io.cucumber.core.plugin.SerenityReporter - Running feature from file:///Users/mario.benitez/github/Challenges%20Devsu/devsu_api_demoblaze_selenium_screenplay/src/test/resources/features/singin.feature
[Test worker] INFO  - 

-------------------------------------------------------------------------------------
     _______. _______ .______       _______ .__   __.  __  .___________.____    ____ 
    /       ||   ____||   _  \     |   ____||  \ |  | |  | |           |\   \  /   / 
   |   (----`|  |__   |  |_)  |    |  |__   |   \|  | |  | `---|  |----` \   \/   /  
    \   \    |   __|  |      /     |   __|  |  . `  | |  |     |  |       \_    _/   
.----)   |   |  |____ |  |\  \----.|  |____ |  |\   | |  |     |  |         |  |     
|_______/    |_______|| _| `._____||_______||__| \__| |__|     |__|         |__|    
                                                                                     
 News and tutorials at http://www.serenity-bdd.info                                  
 Documentation at https://wakaleo.gitbooks.io/the-serenity-book/content/             
 Join the Serenity Community on Gitter: https://gitter.im/serenity-bdd/serenity-core 
 Serenity BDD Support and Training at http://serenity-bdd.info/#/trainingandsupport  
-------------------------------------------------------------------------------------

[Test worker] INFO  - Test Suite Started: Sing in in the platform
[Test worker] INFO io.cucumber.core.plugin.SerenityReporter - Running feature from file:///Users/mario.benitez/github/Challenges%20Devsu/devsu_api_demoblaze_selenium_screenplay/src/test/resources/features/singup.feature
[Test worker] INFO  - Test Suite Started: Sing up in the platform
]]></system-err>
</testsuite>
